# JRE version: OpenJDK Runtime Environment (8.0_76-b03) (build 1.8.0_76-release-b03)
# Java VM: OpenJDK 64-Bit Server VM (25.76-b03 mixed mode linux-amd64 compressed oops)
Heap:
 PSYoungGen      total 417280K, used 68940K [0x00000000e0000000, 0x0000000100000000, 0x0000000100000000)
  eden space 310272K, 0% used [0x00000000e0000000,0x00000000e0000000,0x00000000f2f00000)
  from space 107008K, 64% used [0x00000000f2f00000,0x00000000f7253128,0x00000000f9780000)
  to   space 107008K, 0% used [0x00000000f9780000,0x00000000f9780000,0x0000000100000000)
 ParOldGen       total 236032K, used 236022K [0x00000000a0000000, 0x00000000ae680000, 0x00000000e0000000)
  object space 236032K, 99% used [0x00000000a0000000,0x00000000ae67d9c8,0x00000000ae680000)
 Metaspace       used 71860K, capacity 74798K, committed 75776K, reserved 1116160K
  class space    used 8798K, capacity 9251K, committed 9472K, reserved 1048576K
GC Heap History (10 events):
Event: 5295.775 GC heap after
Heap after GC invocations=66 (full 14):
 PSYoungGen      total 394752K, used 21119K [0x00000000e0000000, 0x00000000ff000000, 0x0000000100000000)
  eden space 305152K, 0% used [0x00000000e0000000,0x00000000e0000000,0x00000000f2a00000)
  from space 89600K, 23% used [0x00000000f9880000,0x00000000fad1fed0,0x00000000ff000000)
  to   space 101376K, 0% used [0x00000000f2a00000,0x00000000f2a00000,0x00000000f8d00000)
 ParOldGen       total 229888K, used 183739K [0x00000000a0000000, 0x00000000ae080000, 0x00000000e0000000)
  object space 229888K, 79% used [0x00000000a0000000,0x00000000ab36ef20,0x00000000ae080000)
 Metaspace       used 72216K, capacity 75392K, committed 75776K, reserved 1116160K
  class space    used 8871K, capacity 9374K, committed 9472K, reserved 1048576K
}
Event: 5297.080 GC heap before
{Heap before GC invocations=67 (full 14):
 PSYoungGen      total 394752K, used 326271K [0x00000000e0000000, 0x00000000ff000000, 0x0000000100000000)
  eden space 305152K, 100% used [0x00000000e0000000,0x00000000f2a00000,0x00000000f2a00000)
  from space 89600K, 23% used [0x00000000f9880000,0x00000000fad1fed0,0x00000000ff000000)
  to   space 101376K, 0% used [0x00000000f2a00000,0x00000000f2a00000,0x00000000f8d00000)
 ParOldGen       total 229888K, used 183739K [0x00000000a0000000, 0x00000000ae080000, 0x00000000e0000000)
  object space 229888K, 79% used [0x00000000a0000000,0x00000000ab36ef20,0x00000000ae080000)
 Metaspace       used 72221K, capacity 75392K, committed 75776K, reserved 1116160K
  class space    used 8871K, capacity 9374K, committed 9472K, reserved 1048576K
Event: 5297.229 GC heap after
Heap after GC invocations=67 (full 14):
 PSYoungGen      total 406528K, used 50464K [0x00000000e0000000, 0x0000000100000000, 0x0000000100000000)
  eden space 305152K, 0% used [0x00000000e0000000,0x00000000e0000000,0x00000000f2a00000)
  from space 101376K, 49% used [0x00000000f2a00000,0x00000000f5b48328,0x00000000f8d00000)
  to   space 100864K, 0% used [0x00000000f9d80000,0x00000000f9d80000,0x0000000100000000)
 ParOldGen       total 229888K, used 203063K [0x00000000a0000000, 0x00000000ae080000, 0x00000000e0000000)
  object space 229888K, 88% used [0x00000000a0000000,0x00000000ac64dd10,0x00000000ae080000)
 Metaspace       used 72221K, capacity 75392K, committed 75776K, reserved 1116160K
  class space    used 8871K, capacity 9374K, committed 9472K, reserved 1048576K
}
Event: 5297.250 GC heap before
{Heap before GC invocations=68 (full 15):
 PSYoungGen      total 406528K, used 50464K [0x00000000e0000000, 0x0000000100000000, 0x0000000100000000)
  eden space 305152K, 0% used [0x00000000e0000000,0x00000000e0000000,0x00000000f2a00000)
  from space 101376K, 49% used [0x00000000f2a00000,0x00000000f5b48328,0x00000000f8d00000)
  to   space 100864K, 0% used [0x00000000f9d80000,0x00000000f9d80000,0x0000000100000000)
 ParOldGen       total 229888K, used 203063K [0x00000000a0000000, 0x00000000ae080000, 0x00000000e0000000)
  object space 229888K, 88% used [0x00000000a0000000,0x00000000ac64dd10,0x00000000ae080000)
 Metaspace       used 72221K, capacity 75392K, committed 75776K, reserved 1116160K
  class space    used 8871K, capacity 9374K, committed 9472K, reserved 1048576K
Event: 5299.185 GC heap after
Heap after GC invocations=68 (full 15):
 PSYoungGen      total 406528K, used 0K [0x00000000e0000000, 0x0000000100000000, 0x0000000100000000)
  eden space 305152K, 0% used [0x00000000e0000000,0x00000000e0000000,0x00000000f2a00000)
  from space 101376K, 0% used [0x00000000f2a00000,0x00000000f2a00000,0x00000000f8d00000)
  to   space 100864K, 0% used [0x00000000f9d80000,0x00000000f9d80000,0x0000000100000000)
 ParOldGen       total 222208K, used 141116K [0x00000000a0000000, 0x00000000ad900000, 0x00000000e0000000)
  object space 222208K, 63% used [0x00000000a0000000,0x00000000a89cf248,0x00000000ad900000)
 Metaspace       used 71853K, capacity 74798K, committed 75776K, reserved 1116160K
  class space    used 8798K, capacity 9251K, committed 9472K, reserved 1048576K
}
Event: 5300.932 GC heap before
{Heap before GC invocations=69 (full 15):
 PSYoungGen      total 406528K, used 305152K [0x00000000e0000000, 0x0000000100000000, 0x0000000100000000)
  eden space 305152K, 100% used [0x00000000e0000000,0x00000000f2a00000,0x00000000f2a00000)
  from space 101376K, 0% used [0x00000000f2a00000,0x00000000f2a00000,0x00000000f8d00000)
  to   space 100864K, 0% used [0x00000000f9d80000,0x00000000f9d80000,0x0000000100000000)
 ParOldGen       total 222208K, used 141116K [0x00000000a0000000, 0x00000000ad900000, 0x00000000e0000000)
  object space 222208K, 63% used [0x00000000a0000000,0x00000000a89cf248,0x00000000ad900000)
 Metaspace       used 71860K, capacity 74798K, committed 75776K, reserved 1116160K
  class space    used 8798K, capacity 9251K, committed 9472K, reserved 1048576K
Event: 5301.002 GC heap after
Heap after GC invocations=69 (full 15):
 PSYoungGen      total 411136K, used 69343K [0x00000000e0000000, 0x0000000100000000, 0x0000000100000000)
  eden space 310272K, 0% used [0x00000000e0000000,0x00000000e0000000,0x00000000f2f00000)
  from space 100864K, 68% used [0x00000000f9d80000,0x00000000fe137ca0,0x0000000100000000)
  to   space 107008K, 0% used [0x00000000f2f00000,0x00000000f2f00000,0x00000000f9780000)
 ParOldGen       total 222208K, used 141116K [0x00000000a0000000, 0x00000000ad900000, 0x00000000e0000000)
  object space 222208K, 63% used [0x00000000a0000000,0x00000000a89cf248,0x00000000ad900000)
 Metaspace       used 71860K, capacity 74798K, committed 75776K, reserved 1116160K
  class space    used 8798K, capacity 9251K, committed 9472K, reserved 1048576K
}
Event: 5301.381 GC heap before
{Heap before GC invocations=70 (full 15):
 PSYoungGen      total 411136K, used 379615K [0x00000000e0000000, 0x0000000100000000, 0x0000000100000000)
  eden space 310272K, 100% used [0x00000000e0000000,0x00000000f2f00000,0x00000000f2f00000)
  from space 100864K, 68% used [0x00000000f9d80000,0x00000000fe137ca0,0x0000000100000000)
  to   space 107008K, 0% used [0x00000000f2f00000,0x00000000f2f00000,0x00000000f9780000)
 ParOldGen       total 222208K, used 141116K [0x00000000a0000000, 0x00000000ad900000, 0x00000000e0000000)
  object space 222208K, 63% used [0x00000000a0000000,0x00000000a89cf248,0x00000000ad900000)
 Metaspace       used 71860K, capacity 74798K, committed 75776K, reserved 1116160K
  class space    used 8798K, capacity 9251K, committed 9472K, reserved 1048576K
Event: 5301.568 GC heap after
Heap after GC invocations=70 (full 15):
 PSYoungGen      total 417280K, used 106988K [0x00000000e0000000, 0x0000000100000000, 0x0000000100000000)
  eden space 310272K, 0% used [0x00000000e0000000,0x00000000e0000000,0x00000000f2f00000)
  from space 107008K, 99% used [0x00000000f2f00000,0x00000000f977b048,0x00000000f9780000)
  to   space 107008K, 0% used [0x00000000f9780000,0x00000000f9780000,0x0000000100000000)
 ParOldGen       total 236032K, used 234906K [0x00000000a0000000, 0x00000000ae680000, 0x00000000e0000000)
  object space 236032K, 99% used [0x00000000a0000000,0x00000000ae566810,0x00000000ae680000)
 Metaspace       used 71860K, capacity 74798K, committed 75776K, reserved 1116160K
  class space    used 8798K, capacity 9251K, committed 9472K, reserved 1048576K
}
Event: 5301.568 GC heap before
{Heap before GC invocations=71 (full 16):
 PSYoungGen      total 417280K, used 106988K [0x00000000e0000000, 0x0000000100000000, 0x0000000100000000)
  eden space 310272K, 0% used [0x00000000e0000000,0x00000000e0000000,0x00000000f2f00000)
  from space 107008K, 99% used [0x00000000f2f00000,0x00000000f977b048,0x00000000f9780000)
  to   space 107008K, 0% used [0x00000000f9780000,0x00000000f9780000,0x0000000100000000)
 ParOldGen       total 236032K, used 234906K [0x00000000a0000000, 0x00000000ae680000, 0x00000000e0000000)
  object space 236032K, 99% used [0x00000000a0000000,0x00000000ae566810,0x00000000ae680000)
 Metaspace       used 71860K, capacity 74798K, committed 75776K, reserved 1116160K
  class space    used 8798K, capacity 9251K, committed 9472K, reserved 1048576K

