# JRE version: OpenJDK Runtime Environment (8.0_76-b03) (build 1.8.0_76-release-b03)
# Java VM: OpenJDK 64-Bit Server VM (25.76-b03 mixed mode linux-amd64 compressed oops)
Heap:
 PSYoungGen      total 347648K, used 0K [0x00000000e0000000, 0x0000000100000000, 0x0000000100000000)
  eden space 263168K, 0% used [0x00000000e0000000,0x00000000e0000000,0x00000000f0100000)
  from space 84480K, 0% used [0x00000000fad80000,0x00000000fad80000,0x0000000100000000)
  to   space 130560K, 0% used [0x00000000f0100000,0x00000000f0100000,0x00000000f8080000)
 ParOldGen       total 303616K, used 286779K [0x00000000a0000000, 0x00000000b2880000, 0x00000000e0000000)
  object space 303616K, 94% used [0x00000000a0000000,0x00000000b180edc0,0x00000000b2880000)
 Metaspace       used 65708K, capacity 67588K, committed 67840K, reserved 1107968K
  class space    used 8283K, capacity 8690K, committed 8704K, reserved 1048576K
GC Heap History (10 events):
Event: 141.939 GC heap after
Heap after GC invocations=40 (full 5):
 PSYoungGen      total 444928K, used 57510K [0x00000000e0000000, 0x0000000100000000, 0x0000000100000000)
  eden space 387072K, 0% used [0x00000000e0000000,0x00000000e0000000,0x00000000f7a00000)
  from space 57856K, 99% used [0x00000000f7a00000,0x00000000fb229bc0,0x00000000fb280000)
  to   space 75776K, 0% used [0x00000000fb600000,0x00000000fb600000,0x0000000100000000)
 ParOldGen       total 199168K, used 198999K [0x00000000a0000000, 0x00000000ac280000, 0x00000000e0000000)
  object space 199168K, 99% used [0x00000000a0000000,0x00000000ac255f28,0x00000000ac280000)
 Metaspace       used 65693K, capacity 67524K, committed 67584K, reserved 1107968K
  class space    used 8283K, capacity 8690K, committed 8704K, reserved 1048576K
}
Event: 141.939 GC heap before
{Heap before GC invocations=41 (full 6):
 PSYoungGen      total 444928K, used 57510K [0x00000000e0000000, 0x0000000100000000, 0x0000000100000000)
  eden space 387072K, 0% used [0x00000000e0000000,0x00000000e0000000,0x00000000f7a00000)
  from space 57856K, 99% used [0x00000000f7a00000,0x00000000fb229bc0,0x00000000fb280000)
  to   space 75776K, 0% used [0x00000000fb600000,0x00000000fb600000,0x0000000100000000)
 ParOldGen       total 199168K, used 198999K [0x00000000a0000000, 0x00000000ac280000, 0x00000000e0000000)
  object space 199168K, 99% used [0x00000000a0000000,0x00000000ac255f28,0x00000000ac280000)
 Metaspace       used 65693K, capacity 67524K, committed 67584K, reserved 1107968K
  class space    used 8283K, capacity 8690K, committed 8704K, reserved 1048576K
Event: 142.991 GC heap after
Heap after GC invocations=41 (full 6):
 PSYoungGen      total 444928K, used 0K [0x00000000e0000000, 0x0000000100000000, 0x0000000100000000)
  eden space 387072K, 0% used [0x00000000e0000000,0x00000000e0000000,0x00000000f7a00000)
  from space 57856K, 0% used [0x00000000f7a00000,0x00000000f7a00000,0x00000000fb280000)
  to   space 75776K, 0% used [0x00000000fb600000,0x00000000fb600000,0x0000000100000000)
 ParOldGen       total 284672K, used 177519K [0x00000000a0000000, 0x00000000b1600000, 0x00000000e0000000)
  object space 284672K, 62% used [0x00000000a0000000,0x00000000aad5bf50,0x00000000b1600000)
 Metaspace       used 65693K, capacity 67524K, committed 67584K, reserved 1107968K
  class space    used 8283K, capacity 8690K, committed 8704K, reserved 1048576K
}
Event: 145.631 GC heap before
{Heap before GC invocations=42 (full 6):
 PSYoungGen      total 444928K, used 387072K [0x00000000e0000000, 0x0000000100000000, 0x0000000100000000)
  eden space 387072K, 100% used [0x00000000e0000000,0x00000000f7a00000,0x00000000f7a00000)
  from space 57856K, 0% used [0x00000000f7a00000,0x00000000f7a00000,0x00000000fb280000)
  to   space 75776K, 0% used [0x00000000fb600000,0x00000000fb600000,0x0000000100000000)
 ParOldGen       total 284672K, used 177519K [0x00000000a0000000, 0x00000000b1600000, 0x00000000e0000000)
  object space 284672K, 62% used [0x00000000a0000000,0x00000000aad5bf50,0x00000000b1600000)
 Metaspace       used 65705K, capacity 67524K, committed 67584K, reserved 1107968K
  class space    used 8283K, capacity 8690K, committed 8704K, reserved 1048576K
Event: 145.706 GC heap after
Heap after GC invocations=42 (full 6):
 PSYoungGen      total 440320K, used 53315K [0x00000000e0000000, 0x0000000100000000, 0x0000000100000000)
  eden space 364544K, 0% used [0x00000000e0000000,0x00000000e0000000,0x00000000f6400000)
  from space 75776K, 70% used [0x00000000fb600000,0x00000000fea10e60,0x0000000100000000)
  to   space 79872K, 0% used [0x00000000f6400000,0x00000000f6400000,0x00000000fb200000)
 ParOldGen       total 284672K, used 177527K [0x00000000a0000000, 0x00000000b1600000, 0x00000000e0000000)
  object space 284672K, 62% used [0x00000000a0000000,0x00000000aad5df50,0x00000000b1600000)
 Metaspace       used 65705K, capacity 67524K, committed 67584K, reserved 1107968K
  class space    used 8283K, capacity 8690K, committed 8704K, reserved 1048576K
}
Event: 149.507 GC heap before
{Heap before GC invocations=43 (full 6):
 PSYoungGen      total 440320K, used 417859K [0x00000000e0000000, 0x0000000100000000, 0x0000000100000000)
  eden space 364544K, 100% used [0x00000000e0000000,0x00000000f6400000,0x00000000f6400000)
  from space 75776K, 70% used [0x00000000fb600000,0x00000000fea10e60,0x0000000100000000)
  to   space 79872K, 0% used [0x00000000f6400000,0x00000000f6400000,0x00000000fb200000)
 ParOldGen       total 284672K, used 177527K [0x00000000a0000000, 0x00000000b1600000, 0x00000000e0000000)
  object space 284672K, 62% used [0x00000000a0000000,0x00000000aad5df50,0x00000000b1600000)
 Metaspace       used 65707K, capacity 67524K, committed 67584K, reserved 1107968K
  class space    used 8283K, capacity 8690K, committed 8704K, reserved 1048576K
Event: 149.658 GC heap after
Heap after GC invocations=43 (full 6):
 PSYoungGen      total 439808K, used 75232K [0x00000000e0000000, 0x0000000100000000, 0x0000000100000000)
  eden space 364544K, 0% used [0x00000000e0000000,0x00000000e0000000,0x00000000f6400000)
  from space 75264K, 99% used [0x00000000f6400000,0x00000000fad781c0,0x00000000fad80000)
  to   space 84480K, 0% used [0x00000000fad80000,0x00000000fad80000,0x0000000100000000)
 ParOldGen       total 284672K, used 228342K [0x00000000a0000000, 0x00000000b1600000, 0x00000000e0000000)
  object space 284672K, 80% used [0x00000000a0000000,0x00000000adefdaf8,0x00000000b1600000)
 Metaspace       used 65707K, capacity 67524K, committed 67584K, reserved 1107968K
  class space    used 8283K, capacity 8690K, committed 8704K, reserved 1048576K
}
Event: 150.839 GC heap before
{Heap before GC invocations=44 (full 6):
 PSYoungGen      total 439808K, used 439776K [0x00000000e0000000, 0x0000000100000000, 0x0000000100000000)
  eden space 364544K, 100% used [0x00000000e0000000,0x00000000f6400000,0x00000000f6400000)
  from space 75264K, 99% used [0x00000000f6400000,0x00000000fad781c0,0x00000000fad80000)
  to   space 84480K, 0% used [0x00000000fad80000,0x00000000fad80000,0x0000000100000000)
 ParOldGen       total 284672K, used 228342K [0x00000000a0000000, 0x00000000b1600000, 0x00000000e0000000)
  object space 284672K, 80% used [0x00000000a0000000,0x00000000adefdaf8,0x00000000b1600000)
 Metaspace       used 65708K, capacity 67588K, committed 67840K, reserved 1107968K
  class space    used 8283K, capacity 8690K, committed 8704K, reserved 1048576K
Event: 168.136 GC heap after
Heap after GC invocations=44 (full 6):
 PSYoungGen      total 347648K, used 84479K [0x00000000e0000000, 0x0000000100000000, 0x0000000100000000)
  eden space 263168K, 0% used [0x00000000e0000000,0x00000000e0000000,0x00000000f0100000)
  from space 84480K, 99% used [0x00000000fad80000,0x00000000fffffc58,0x0000000100000000)
  to   space 130560K, 0% used [0x00000000f0100000,0x00000000f0100000,0x00000000f8080000)
 ParOldGen       total 303616K, used 303235K [0x00000000a0000000, 0x00000000b2880000, 0x00000000e0000000)
  object space 303616K, 99% used [0x00000000a0000000,0x00000000b2820c68,0x00000000b2880000)
 Metaspace       used 65708K, capacity 67588K, committed 67840K, reserved 1107968K
  class space    used 8283K, capacity 8690K, committed 8704K, reserved 1048576K
}
Event: 168.136 GC heap before
{Heap before GC invocations=45 (full 7):
 PSYoungGen      total 347648K, used 84479K [0x00000000e0000000, 0x0000000100000000, 0x0000000100000000)
  eden space 263168K, 0% used [0x00000000e0000000,0x00000000e0000000,0x00000000f0100000)
  from space 84480K, 99% used [0x00000000fad80000,0x00000000fffffc58,0x0000000100000000)
  to   space 130560K, 0% used [0x00000000f0100000,0x00000000f0100000,0x00000000f8080000)
 ParOldGen       total 303616K, used 303235K [0x00000000a0000000, 0x00000000b2880000, 0x00000000e0000000)
  object space 303616K, 99% used [0x00000000a0000000,0x00000000b2820c68,0x00000000b2880000)
 Metaspace       used 65708K, capacity 67588K, committed 67840K, reserved 1107968K
  class space    used 8283K, capacity 8690K, committed 8704K, reserved 1048576K

